<?xml version="1.0" encoding="UTF-8"?>
<testng-results skipped="0" failed="0" ignored="0" total="1" passed="1">
  <reporter-output>
    <line>
      <![CDATA[Browser invoke and open url https://www.publiccontractsscotland.gov.uk/]]>
    </line>
    <line>
      <![CDATA[LogIn Succesfully]]>
    </line>
    <line>
      <![CDATA[current url https://www.publiccontractsscotland.gov.uk/search/show/search_view.aspx?ID=DEC375458]]>
    </line>
    <line>
      <![CDATA[successfully capture all screenshots and stored in Screenshot folder]]>
    </line>
    <line>
      <![CDATA[DONE]]>
    </line>
    <line>
      <![CDATA[current url https://www.publiccontractsscotland.gov.uk/search/show/search_view.aspx?ID=DEC375455]]>
    </line>
    <line>
      <![CDATA[successfully capture all screenshots and stored in Screenshot folder]]>
    </line>
    <line>
      <![CDATA[DONE]]>
    </line>
    <line>
      <![CDATA[current url https://www.publiccontractsscotland.gov.uk/search/show/search_view.aspx?ID=DEC375193]]>
    </line>
    <line>
      <![CDATA[successfully capture all screenshots and stored in Screenshot folder]]>
    </line>
    <line>
      <![CDATA[DONE]]>
    </line>
    <line>
      <![CDATA[current url https://www.publiccontractsscotland.gov.uk/search/show/search_view.aspx?ID=DEC373858]]>
    </line>
    <line>
      <![CDATA[successfully capture all screenshots and stored in Screenshot folder]]>
    </line>
    <line>
      <![CDATA[DONE]]>
    </line>
    <line>
      <![CDATA[current url https://www.publiccontractsscotland.gov.uk/search/show/search_view.aspx?ID=SEP366757]]>
    </line>
    <line>
      <![CDATA[successfully capture all screenshots and stored in Screenshot folder]]>
    </line>
    <line>
      <![CDATA[DONE]]>
    </line>
    <line>
      <![CDATA[current url https://www.publiccontractsscotland.gov.uk/search/show/search_view.aspx?ID=JAN307678]]>
    </line>
    <line>
      <![CDATA[successfully capture all screenshots and stored in Screenshot folder]]>
    </line>
    <line>
      <![CDATA[DONE]]>
    </line>
    <line>
      <![CDATA[current url https://www.publiccontractsscotland.gov.uk/search/show/search_view.aspx?ID=OCT260873]]>
    </line>
    <line>
      <![CDATA[successfully capture all screenshots and stored in Screenshot folder]]>
    </line>
    <line>
      <![CDATA[DONE]]>
    </line>
    <line>
      <![CDATA[current url https://www.publiccontractsscotland.gov.uk/search/show/search_view.aspx?ID=DEC229636]]>
    </line>
    <line>
      <![CDATA[successfully capture all screenshots and stored in Screenshot folder]]>
    </line>
    <line>
      <![CDATA[DONE]]>
    </line>
    <line>
      <![CDATA[Reading from DEC229636.xml]]>
    </line>
    <line>
      <![CDATA[Reading from DEC373858.xml]]>
    </line>
    <line>
      <![CDATA[Reading from DEC375193.xml]]>
    </line>
    <line>
      <![CDATA[Reading from DEC375455.xml]]>
    </line>
    <line>
      <![CDATA[Reading from DEC375458.xml]]>
    </line>
    <line>
      <![CDATA[Reading from JAN307678.xml]]>
    </line>
    <line>
      <![CDATA[Reading from OCT260873.xml]]>
    </line>
    <line>
      <![CDATA[Reading from SEP366757.xml]]>
    </line>
    <line>
      <![CDATA[Reading from all files in directory XMLFiles Completed]]>
    </line>
    <line>
      <![CDATA[Succesfully combines all xml in single file]]>
    </line>
    <line>
      <![CDATA[Driver Closed]]>
    </line>
  </reporter-output>
  <suite name="Default suite" duration-ms="150435" started-at="2019-12-31T07:33:24Z" finished-at="2019-12-31T07:35:55Z">
    <groups>
    </groups>
    <test name="Default test" duration-ms="150435" started-at="2019-12-31T07:33:24Z" finished-at="2019-12-31T07:35:55Z">
      <class name="test.TC_Publiccontracts">
        <test-method status="PASS" signature="createE2E()[pri:0, instance:test.TC_Publiccontracts@2a5ca609]" name="createE2E" duration-ms="150408" started-at="2019-12-31T07:33:24Z" finished-at="2019-12-31T07:35:55Z">
          <reporter-output>
            <line>
              <![CDATA[Browser invoke and open url https://www.publiccontractsscotland.gov.uk/]]>
            </line>
            <line>
              <![CDATA[LogIn Succesfully]]>
            </line>
            <line>
              <![CDATA[current url https://www.publiccontractsscotland.gov.uk/search/show/search_view.aspx?ID=DEC375458]]>
            </line>
            <line>
              <![CDATA[successfully capture all screenshots and stored in Screenshot folder]]>
            </line>
            <line>
              <![CDATA[DONE]]>
            </line>
            <line>
              <![CDATA[current url https://www.publiccontractsscotland.gov.uk/search/show/search_view.aspx?ID=DEC375455]]>
            </line>
            <line>
              <![CDATA[successfully capture all screenshots and stored in Screenshot folder]]>
            </line>
            <line>
              <![CDATA[DONE]]>
            </line>
            <line>
              <![CDATA[current url https://www.publiccontractsscotland.gov.uk/search/show/search_view.aspx?ID=DEC375193]]>
            </line>
            <line>
              <![CDATA[successfully capture all screenshots and stored in Screenshot folder]]>
            </line>
            <line>
              <![CDATA[DONE]]>
            </line>
            <line>
              <![CDATA[current url https://www.publiccontractsscotland.gov.uk/search/show/search_view.aspx?ID=DEC373858]]>
            </line>
            <line>
              <![CDATA[successfully capture all screenshots and stored in Screenshot folder]]>
            </line>
            <line>
              <![CDATA[DONE]]>
            </line>
            <line>
              <![CDATA[current url https://www.publiccontractsscotland.gov.uk/search/show/search_view.aspx?ID=SEP366757]]>
            </line>
            <line>
              <![CDATA[successfully capture all screenshots and stored in Screenshot folder]]>
            </line>
            <line>
              <![CDATA[DONE]]>
            </line>
            <line>
              <![CDATA[current url https://www.publiccontractsscotland.gov.uk/search/show/search_view.aspx?ID=JAN307678]]>
            </line>
            <line>
              <![CDATA[successfully capture all screenshots and stored in Screenshot folder]]>
            </line>
            <line>
              <![CDATA[DONE]]>
            </line>
            <line>
              <![CDATA[current url https://www.publiccontractsscotland.gov.uk/search/show/search_view.aspx?ID=OCT260873]]>
            </line>
            <line>
              <![CDATA[successfully capture all screenshots and stored in Screenshot folder]]>
            </line>
            <line>
              <![CDATA[DONE]]>
            </line>
            <line>
              <![CDATA[current url https://www.publiccontractsscotland.gov.uk/search/show/search_view.aspx?ID=DEC229636]]>
            </line>
            <line>
              <![CDATA[successfully capture all screenshots and stored in Screenshot folder]]>
            </line>
            <line>
              <![CDATA[DONE]]>
            </line>
            <line>
              <![CDATA[Reading from DEC229636.xml]]>
            </line>
            <line>
              <![CDATA[Reading from DEC373858.xml]]>
            </line>
            <line>
              <![CDATA[Reading from DEC375193.xml]]>
            </line>
            <line>
              <![CDATA[Reading from DEC375455.xml]]>
            </line>
            <line>
              <![CDATA[Reading from DEC375458.xml]]>
            </line>
            <line>
              <![CDATA[Reading from JAN307678.xml]]>
            </line>
            <line>
              <![CDATA[Reading from OCT260873.xml]]>
            </line>
            <line>
              <![CDATA[Reading from SEP366757.xml]]>
            </line>
            <line>
              <![CDATA[Reading from all files in directory XMLFiles Completed]]>
            </line>
            <line>
              <![CDATA[Succesfully combines all xml in single file]]>
            </line>
            <line>
              <![CDATA[Driver Closed]]>
            </line>
          </reporter-output>
        </test-method> <!-- createE2E -->
      </class> <!-- test.TC_Publiccontracts -->
    </test> <!-- Default test -->
  </suite> <!-- Default suite -->
</testng-results>
